<?xml version="1.0" encoding="UTF-8"?>
<!-- Generated by org.testng.reporters.JUnitReportReporter -->
<testsuite hostname="LT-AS-IND-62" failures="0" tests="10" name="com.qa.tests.GetAPITest" time="8.361" errors="0" timestamp="2022-02-04T14:19:50 IST" skipped="0">
  <testcase classname="com.qa.tests.GetAPITest" name="getsearchcompanyTest" time="0.818"/>
  <system-out/>
  <testcase classname="com.qa.tests.GetAPITest" name="getsearchcompanyTest" time="1.051"/>
  <system-out/>
  <testcase classname="com.qa.tests.GetAPITest" name="getsearchcompanyTest" time="0.826"/>
  <system-out/>
  <testcase classname="com.qa.tests.GetAPITest" name="getsearchcompanyTest" time="0.692"/>
  <system-out/>
  <testcase classname="com.qa.tests.GetAPITest" name="getsearchcompanyTest" time="0.811"/>
  <system-out/>
  <testcase classname="com.qa.tests.GetAPITest" name="getsearchcompanyTest" time="0.837"/>
  <system-out/>
  <testcase classname="com.qa.tests.GetAPITest" name="getsearchcompanyTest" time="0.774"/>
  <system-out/>
  <testcase classname="com.qa.tests.GetAPITest" name="getsearchcompanyTest" time="0.708"/>
  <system-out/>
  <testcase classname="com.qa.tests.GetAPITest" name="getsearchcompanyTest" time="1.033"/>
  <system-out/>
  <testcase classname="com.qa.tests.GetAPITest" name="getsearchcompanyTest" time="0.811"/>
  <system-out/>
</testsuite> <!-- com.qa.tests.GetAPITest -->
